<?xml version="1.0" encoding="UTF-8"?>
<!-- Generated by org.testng.reporters.JUnitXMLReporter -->
<testsuite ignored="0" hostname="2022NUTLTWS169" failures="1" tests="1" name="Default test" time="97.151" errors="0" timestamp="25 Jan 2024 12:14:12 GMT">
  <testcase classname="runner.TestNgRunner" name="runFeature" time="97.016">
    <failure type="java.lang.RuntimeException" message="FAILED">
      <![CDATA[java.lang.RuntimeException: FAILED
at utils.Reporter.reportStep(Reporter.java:47)
at stepDefinitions.HomePage_StepDefinitions.iEnterTheProductnameAndVerifyAppropriateSearchResultIsDisplayed(HomePage_StepDefinitions.java:34)
at âœ½.I enter the productname and verify appropriate search result is displayed(file:src/main/resources/features/smokesuit-USMobile.feature:8)
]]>
    </failure>
  </testcase> <!-- runFeature -->
</testsuite> <!-- Default test -->
