<?xml version="1.0" encoding="UTF-8"?>
<testng-results ignored="0" total="1" passed="0" failed="1" skipped="0">
  <reporter-output>
  </reporter-output>
  <suite started-at="2024-01-25T12:12:35Z" name="Default suite" finished-at="2024-01-25T12:14:12Z" duration-ms="97151">
    <groups>
    </groups>
    <test started-at="2024-01-25T12:12:35Z" name="Default test" finished-at="2024-01-25T12:14:12Z" duration-ms="97151">
      <class name="runner.TestNgRunner">
        <test-method is-config="true" signature="beforeSuite()[pri:0, instance:runner.TestNgRunner@73194df]" started-at="2024-01-25T12:12:35Z" name="beforeSuite" finished-at="2024-01-25T12:12:35Z" duration-ms="167" status="PASS">
          <reporter-output>
          </reporter-output>
        </test-method> <!-- beforeSuite -->
        <test-method is-config="true" signature="beforeTest()[pri:0, instance:runner.TestNgRunner@73194df]" started-at="2024-01-25T12:12:35Z" name="beforeTest" finished-at="2024-01-25T12:12:35Z" duration-ms="1" status="PASS">
          <reporter-output>
          </reporter-output>
        </test-method> <!-- beforeTest -->
        <test-method is-config="true" signature="setUpClass(org.testng.ITestContext)[pri:0, instance:runner.TestNgRunner@73194df]" started-at="2024-01-25T12:12:35Z" name="setUpClass" finished-at="2024-01-25T12:12:35Z" duration-ms="82" status="PASS">
          <params>
            <param index="0">
              <value>
                <![CDATA[org.testng.TestRunner@1d782abe]]>
              </value>
            </param>
          </params>
          <reporter-output>
          </reporter-output>
        </test-method> <!-- setUpClass -->
        <test-method signature="runFeature(cucumber.api.testng.PickleEventWrapper, cucumber.api.testng.CucumberFeatureWrapper)[pri:0, instance:runner.TestNgRunner@73194df]" started-at="2024-01-25T12:12:35Z" name="runFeature" data-provider="scenarios" finished-at="2024-01-25T12:14:12Z" duration-ms="97016" status="FAIL">
          <params>
            <param index="0">
              <value>
                <![CDATA["To verify the search functionality"]]>
              </value>
            </param>
            <param index="1">
              <value>
                <![CDATA["Sanity Test on anysite"]]>
              </value>
            </param>
          </params>
          <exception class="java.lang.RuntimeException">
            <message>
              <![CDATA[FAILED]]>
            </message>
            <full-stacktrace>
              <![CDATA[java.lang.RuntimeException: FAILED
at utils.Reporter.reportStep(Reporter.java:47)
at stepDefinitions.HomePage_StepDefinitions.iEnterTheProductnameAndVerifyAppropriateSearchResultIsDisplayed(HomePage_StepDefinitions.java:34)
at âœ½.I enter the productname and verify appropriate search result is displayed(file:src/main/resources/features/smokesuit-USMobile.feature:8)
]]>
            </full-stacktrace>
          </exception> <!-- java.lang.RuntimeException -->
          <reporter-output>
          </reporter-output>
        </test-method> <!-- runFeature -->
        <test-method is-config="true" signature="beforeMethod()[pri:0, instance:runner.TestNgRunner@73194df]" started-at="2024-01-25T12:12:35Z" name="beforeMethod" finished-at="2024-01-25T12:12:35Z" duration-ms="0" status="PASS">
          <reporter-output>
          </reporter-output>
        </test-method> <!-- beforeMethod -->
        <test-method is-config="true" signature="afterMethod()[pri:0, instance:runner.TestNgRunner@73194df]" started-at="2024-01-25T12:14:12Z" name="afterMethod" finished-at="2024-01-25T12:14:12Z" duration-ms="0" status="PASS">
          <reporter-output>
          </reporter-output>
        </test-method> <!-- afterMethod -->
        <test-method is-config="true" signature="tearDownClass()[pri:0, instance:runner.TestNgRunner@73194df]" started-at="2024-01-25T12:14:12Z" name="tearDownClass" finished-at="2024-01-25T12:14:12Z" duration-ms="16" status="PASS">
          <reporter-output>
          </reporter-output>
        </test-method> <!-- tearDownClass -->
        <test-method is-config="true" signature="afterTest()[pri:0, instance:runner.TestNgRunner@73194df]" started-at="2024-01-25T12:14:12Z" name="afterTest" finished-at="2024-01-25T12:14:12Z" duration-ms="0" status="PASS">
          <reporter-output>
          </reporter-output>
        </test-method> <!-- afterTest -->
        <test-method is-config="true" signature="afterSuite()[pri:0, instance:runner.TestNgRunner@73194df]" started-at="2024-01-25T12:14:12Z" name="afterSuite" finished-at="2024-01-25T12:14:12Z" duration-ms="192" status="PASS">
          <reporter-output>
          </reporter-output>
        </test-method> <!-- afterSuite -->
      </class> <!-- runner.TestNgRunner -->
    </test> <!-- Default test -->
  </suite> <!-- Default suite -->
</testng-results>
