<?xml version="1.0" encoding="UTF-8"?>
<!-- Generated by org.testng.reporters.JUnitReportReporter -->
<testsuite hostname="2022NUTLTWS169" failures="0" tests="1" name="runner.TestNgRunner" time="97.016" errors="1" timestamp="25 Jan 2024 12:14:12 GMT" skipped="0">
  <testcase classname="runner.TestNgRunner" name="runFeature" time="97.016">
    <error message="FAILED" type="java.lang.RuntimeException">
      <![CDATA[java.lang.RuntimeException: FAILED
at utils.Reporter.reportStep(Reporter.java:47)
at stepDefinitions.HomePage_StepDefinitions.iEnterTheProductnameAndVerifyAppropriateSearchResultIsDisplayed(HomePage_StepDefinitions.java:34)
at âœ½.I enter the productname and verify appropriate search result is displayed(file:src/main/resources/features/smokesuit-USMobile.feature:8)
]]>
    </error>
  </testcase> <!-- runFeature -->
</testsuite> <!-- runner.TestNgRunner -->
